ucliGUI::start /afs/ece.cmu.edu/usr/cabernar/Private/capstone/virtualagc/sv/simv -ucligui 
set ucliGUI::state
set ucliGUI::state
ucliCore::getToolPID
synopsys::env hasTB
trigger_hier_stack_context_switch 0
synUtils::setDVEInitPhase 1
synopsys::dump -type VPD -file /afs/ece.cmu.edu/usr/cabernar/Private/capstone/virtualagc/sv/inter.vpd -locking
synopsys::dump -autoflush on -fid VPD6
set ::dve_fid VPD6
synUtils::setDVEInitPhase 0
ucliCore::getToolPID
synUtils::sendTool -active _icl_setToolSocket /tmp/smlnpx4Qgdb
synUtils::sendTool -active {_icl_start_rpc -version "K-2015.09_Full64" -sync_file /tmp/vcs_dve_rpc.cabernar.21770}
synUtils::sendTool -active {_icl_createSharedMemory /tmp/vcs_dve_general.cabernar.21770}
config endofsim noexit
config onfail enable all
config syscaddplainmembers
config syscaddsourcenames
config syscaddstructtypes
synopsys::listing -disable
# Begin_DVE_Session_Save_Info
# DVE restart session
# Saved on Wed Apr 6 17:12:27 2022
# Designs open: 1
#   Sim: /afs/ece.cmu.edu/usr/cabernar/Private/capstone/virtualagc/sv/simv
# Toplevel windows open: 2
# 	TopLevel.1
# 	TopLevel.2
#   Source.1: _vcs_unit__1064167090
#   Schematic.1: .
#   Wave.1: 28 signals
#   Group count = 1
#   Group Group1 signal count = 28
# End_DVE_Session_Save_Info
# DVE version: K-2015.09_Full64
# DVE build date: Aug 25 2015 21:36:02
#<Session mode="Restart" path=".restartSimSession.tcl" type="Debug">
# Application preferences
#<WindowLayout>
# DVE top-level session
# Create and position top-level window: TopLevel.1
set TopLevel.1 TopLevel.1
# Docked window settings
set HSPane.1 HSPane.1
set Hier.1 Hier.1
set DLPane.1 DLPane.1
set Data.1 Data.1
set Console.1 Console.1
# MDI window settings
set Source.1 Source.1
set Schematic.1 [gui_create_window -type {Schematic}  -parent ${TopLevel.1} -defer_create_taskbar_icon]
set setting [::Misc::Setting::create -array DvePathSchematicSettings]
Misc::init_window $setting ${Schematic.1}
::Misc::exec_method -window ${Schematic.1} -method captionCmd
# End MDI window settings
# Create and position top-level window: TopLevel.2
set TopLevel.2 TopLevel.2
# Docked window settings
# MDI window settings
set Wave.1 Wave.1
# End MDI window settings
#</WindowLayout>
#<Database>
#</Database>
# DVE Global setting session:
# Global: Breakpoints
# Global: Bus
# Global: Expressions
# Global: Signal Time Shift
# Global: Signal Compare
# Global: Signal Groups
synopsys::dump -add {TB.core.rf} -scope "." -depth 1 -fid VPD6
synopsys::dump -add {TB.core.Decoder} -scope "." -depth 1 -fid VPD6
set _session_group_6 Group1
set Group1 "$_session_group_6"
# Global: Highlighting
# Global: Stack
# Post database loading setting...
# Save global setting...
# Wave/List view global setting
# Close all empty TopLevel windows
foreach __top [gui_ekki_get_window_ids -type TopLevel] {     if { [llength [gui_ekki_get_window_ids -parent $__top]] == 0} {         gui_close_window -window $__top     } }
# DVE View/pane content session:
# Hier 'Hier.1'
catch {gui_list_expand -id ${Hier.1} TB}
catch {gui_list_select -id ${Hier.1} {TB.core}}
# Data 'Data.1'
catch { gui_list_select -id ${Data.1} {TB.core.flush_E TB.core.pc_1_F TB.core.pc_F TB.core.flush_W TB.core.branch_E TB.core.next_pc_F TB.core.flush_DE TB.core.stall_D }}
# Source 'Source.1'
# View 'Wave.1'
set groupExD [gui_get_pref_value -category Wave -key exclusiveSG]
set origWaveHeight [gui_get_pref_value -category Wave -key waveRowHeight]
set origGroupCreationState [gui_list_create_group_when_add -wave]
synopsys::dump -add {TB.core.branch_E TB.core.clock TB.core.ctrl_D TB.core.ctrl_E TB.core.ctrl_F TB.core.ctrl_W TB.core.flush_DE TB.core.flush_E TB.core.flush_W TB.core.next_pc_F TB.core.pc_1_F TB.core.pc_F TB.core.reset_n TB.core.stall_D } -aggregates  -fid VPD6
if {$origGroupCreationState} { 	gui_list_create_group_when_add -wave -enable }
if { $groupExD } {  gui_msg_report -code DVWW028 }
# View 'Schematic.1'
# Create path schematic window 'Schematic.1'
# Restore toplevel window zorder
# The toplevel window could be closed if it has no view/pane
if {[gui_exist_window -window ${TopLevel.1}]} { 	gui_set_active_window -window ${TopLevel.1} 	gui_set_active_window -window ${Schematic.1} 	gui_set_active_window -window ${DLPane.1} }
if {[gui_exist_window -window ${TopLevel.2}]} { 	gui_set_active_window -window ${TopLevel.2} 	gui_set_active_window -window ${Wave.1} }
#</Session>
synopsys::run
set ucliGUI::state
set ucliGUI::state
set ucliGUI::state
set ucliGUI::state
