19:25:44    1968 --> ...                                                                          [tcl] ucliGUI::start /afs/ece.cmu.edu/usr/cabernar/Private/capstone/virtualagc/sv/simv -ucligui 
19:25:44    1969 --> ...                                                                              [tcl] set ucliGUI::state
19:25:44    1970 --> ...                                                                                  [tcl] gui_update_simulator_buttons
19:25:45    1971 --> ...                                                                                      [tcl] set ucliGUI::state
19:25:45    1972 --> ...                                                                                          [tcl] ucliCore::getToolPID
19:25:45    1973 --> ...                                                                                              [tcl] synopsys::env hasTB
19:25:45    1974 --> ...                                                                                                  [tcl] trigger_hier_stack_context_switch 0
19:25:45    1975 --> ...  [tcl] synUtils::setDVEInitPhase 1
19:25:45    1976 --> ...      [tcl] gui_get_env SIMSETUP::SIMVPD
19:25:45    1977 --> ...          [tcl] synopsys::dump -type VPD -file /afs/ece.cmu.edu/usr/cabernar/Private/capstone/virtualagc/sv/inter.vpd -locking
19:25:45    1978 --> ...              [tcl] synopsys::dump -autoflush on -fid VPD12
19:25:45    1979 --> ...                  [tcl] set ::dve_fid VPD12
19:25:45    1980 --> ...                      [tcl] synUtils::setDVEInitPhase 0
19:25:45    1981 --> ...                          [tcl] ucliCore::getToolPID
19:25:45    1982 --> ...                              [tcl] synUtils::sendTool -active _icl_setToolSocket /tmp/smlnp9PDUyl
19:25:45    1983 --> ...                                  [tcl] synUtils::sendTool -active {_icl_start_rpc -version "K-2015.09_Full64" -sync_file /tmp/vcs_dve_rpc.cabernar.19408}
19:25:45    1984 --> ...                                      [tcl] synUtils::sendTool -active {_icl_createSharedMemory /tmp/vcs_dve_general.cabernar.19408}
19:25:45    1985 --> ...                                          [tcl] config endofsim noexit
19:25:45    1986 --> ...                                              [tcl] config onfail enable all
19:25:45    1987 --> ...                                                  [tcl] config syscaddplainmembers
19:25:45    1988 --> ...                                                      [tcl] config syscaddsourcenames
19:25:45    1989 --> ...                                                          [tcl] config syscaddstructtypes
19:25:45    1990 --> ...                                                              [tcl] synopsys::listing -disable
19:25:45    1991 --> ...                                                                  [tcl] # Begin_DVE_Session_Save_Info
19:25:45    1992 --> ...                                                                      [tcl] # DVE restart session
19:25:45    1993 --> ...                                                                          [tcl] # Saved on Tue Apr 5 19:25:44 2022
19:25:45    1994 --> ...                                                                              [tcl] # Designs open: 1
19:25:45    1995 --> ...                                                                                  [tcl] #   Sim: /afs/ece.cmu.edu/usr/cabernar/Private/capstone/virtualagc/sv/simv
19:25:45    1996 --> ...                                                                                      [tcl] # Toplevel windows open: 2
19:25:45    1997 --> ...                                                                                          [tcl] # 	TopLevel.1
19:25:45    1998 --> ...                                                                                              [tcl] # 	TopLevel.2
19:25:45    1999 --> ...                                                                                                  [tcl] #   Source.1: _vcs_unit__1064167090
19:25:45    2000 --> ...  [tcl] #   Wave.1: 26 signals
19:25:45    2001 --> ...      [tcl] #   Group count = 2
19:25:45    2002 --> ...          [tcl] #   Group Group1 signal count = 25
19:25:45    2003 --> ...              [tcl] #   Group Group2 signal count = 26
19:25:45    2004 --> ...                  [tcl] # End_DVE_Session_Save_Info
19:25:45    2005 --> ...                      [tcl] # DVE version: K-2015.09_Full64
19:25:45    2006 --> ...                          [tcl] # DVE build date: Aug 25 2015 21:36:02
19:25:45    2007 --> ...                              [tcl] #<Session mode="Restart" path=".restartSimSession.tcl" type="Debug">
19:25:45    2008 --> ...                                  [tcl] gui_set_loading_session_type Restart
19:25:45    2009 --> ...                                      [tcl] gui_continuetime_set
19:25:45    2010 --> ...                                          [tcl] gui_clear_window -type Wave
19:25:45    2011 --> ...                                              [tcl] gui_clear_window -type List
19:25:45    2012 --> ...                                                  [tcl] # Application preferences
19:25:45    2013 --> ...                                                      [tcl] gui_set_pref_value -key app_default_font -value {Helvetica,10,-1,5,50,0,0,0,0,0}
19:25:45    2014 --> ...                                                          [tcl] gui_src_preferences -tabstop 8 -maxbits 24 -windownumber 1
19:25:45    2015 --> ...                                                              [tcl] #<WindowLayout>
19:25:45    2016 --> ...                                                                  [tcl] # DVE top-level session
19:25:45    2017 --> ...                                                                      [tcl] # Create and position top-level window: TopLevel.1
19:25:45    2018 --> ...                                                                          [tcl] set TopLevel.1 TopLevel.1
19:25:45    2019 --> ...                                                                              [tcl] # Docked window settings
19:25:45    2020 --> ...                                                                                  [tcl] set HSPane.1 HSPane.1
19:25:45    2021 --> ...                                                                                      [tcl] set Hier.1 Hier.1
19:25:45    2022 --> ...                                                                                          [tcl] set DLPane.1 DLPane.1
19:25:45    2023 --> ...                                                                                              [tcl] set Data.1 Data.1
19:25:45    2024 --> ...                                                                                                  [tcl] set Console.1 Console.1
19:25:45    2025 --> ...  [tcl] gui_sync_global -id ${TopLevel.1} -option true
19:25:45    2026 --> ...      [tcl] # MDI window settings
19:25:45    2027 --> ...          [tcl] set Source.1 Source.1
19:25:45    2028 --> ...              [tcl] gui_update_layout -id ${Source.1} {{show_state maximized} {dock_state undocked} {dock_on_new_line false}}
19:25:45    2029 --> ...                  [tcl] # End MDI window settings
19:25:45    2030 --> ...                      [tcl] # Create and position top-level window: TopLevel.2
19:25:45    2031 --> ...                          [tcl] set TopLevel.2 TopLevel.2
19:25:45    2032 --> ...                              [tcl] # Docked window settings
19:25:45    2033 --> ...                                  [tcl] gui_sync_global -id ${TopLevel.2} -option true
19:25:45    2034 --> ...                                      [tcl] # MDI window settings
19:25:45    2035 --> ...                                          [tcl] set Wave.1 Wave.1
19:25:45    2036 --> ...                                              [tcl] gui_update_layout -id ${Wave.1} {{show_state maximized} {dock_state undocked} {dock_on_new_line false} {child_wave_left 445} {child_wave_right 1085} {child_wave_colname 211} {child_wave_colvalue 230} {child_wave_col1 0} {child_wave_col2 1}}
19:25:45    2037 --> ...                                                  [tcl] # End MDI window settings
19:25:45    2038 --> ...                                                      [tcl] #</WindowLayout>
19:25:45    2039 --> ...                                                          [tcl] #<Database>
19:25:45    2040 --> ...                                                              [tcl] gui_set_precision 1ps
19:25:45    2041 --> ...                                                                  [tcl] gui_set_time_units 1ps
19:25:45    2042 --> ...                                                                      [tcl] #</Database>
19:25:45    2043 --> ...                                                                          [tcl] # DVE Global setting session:
19:25:45    2044 --> ...                                                                              [tcl] # Global: Breakpoints
19:25:45    2045 --> ...                                                                                  [tcl] # Global: Bus
19:25:45    2046 --> ...                                                                                      [tcl] # Global: Expressions
19:25:45    2047 --> ...                                                                                          [tcl] # Global: Signal Time Shift
19:25:45    2048 --> ...                                                                                              [tcl] # Global: Signal Compare
19:25:45    2049 --> ...                                                                                                  [tcl] # Global: Signal Groups
19:25:45    2050 --> ...  [tcl] gui_load_child_values {TB.core.rf}
19:25:45    2051 --> ...      [tcl] synopsys::dump -add {TB.core.rf} -scope "." -depth 1 -fid VPD12
19:25:45    2052 --> ...          [tcl] set _session_group_20 Group1
19:25:45    2053 --> ...              [tcl] gui_sg_create "$_session_group_20"
19:25:45    2054 --> ...                  [tcl] set Group1 "$_session_group_20"
19:25:45    2055 --> ...                      [tcl] gui_sg_addsignal -group "$_session_group_20" { TB.core.clock TB.core.reset_n TB.core.RAM_read_data TB.core.RAM_write_address TB.core.stall TB.core.flush_E TB.core.alu_out_E TB.core.read_data_E TB.core.ctrl_D TB.core.ctrl_E TB.core.ctrl_W TB.core.rs1_data_E TB.core.rs2_data_E TB.core.rf.reg_A TB.core.rf.reg_L TB.core.rf.reg_Q TB.core.rf.reg_BB TB.core.rf.reg_CYR TB.core.rf.reg_SR TB.core.rf.reg_CYL TB.core.rf.reg_SL TB.core.rf.reg_TIME1 TB.core.rf.reg_TIME2 TB.core.rs1_data_D TB.core.rs2_data_D }
19:25:45    2056 --> ...                          [tcl] set _session_group_21 Group2
19:25:45    2057 --> ...                              [tcl] gui_sg_create "$_session_group_21"
19:25:45    2058 --> ...                                  [tcl] set Group2 "$_session_group_21"
19:25:45    2059 --> ...                                      [tcl] gui_sg_addsignal -group "$_session_group_21" { TB.core.clock TB.core.reset_n TB.core.stall TB.core.flush_DE TB.core.flush_E TB.core.flush_W TB.core.alu_out_E TB.core.alu_src2_E TB.core.ctrl_D TB.core.ctrl_E TB.core.ctrl_W TB.core.alu_src1_E TB.core.alu_out_W TB.core.rf.reg_A TB.core.rf.reg_BB TB.core.rf.reg_CYL TB.core.rf.reg_CYR TB.core.rf.reg_L TB.core.rf.reg_Q TB.core.rf.reg_SL TB.core.rf.reg_SR TB.core.rf.reg_TIME1 TB.core.rf.reg_TIME2 TB.core.branch_E TB.core.eq_0_E TB.core.sign_bit_E }
19:25:45    2060 --> ...                                          [tcl] # Global: Highlighting
19:25:45    2061 --> ...                                              [tcl] # Global: Stack
19:25:45    2062 --> ...                                                  [tcl] gui_change_stack_mode -mode list
19:25:45    2063 --> ...                                                      [tcl] # Post database loading setting...
19:25:45    2064 --> ...                                                          [tcl] # Save global setting...
19:25:45    2065 --> ...                                                              [tcl] # Wave/List view global setting
19:25:45    2066 --> ...                                                                  [tcl] gui_cov_show_value -switch false
19:25:45    2067 --> ...                                                                      [tcl] # Close all empty TopLevel windows
19:25:45    2068 --> ...                                                                          [tcl] foreach __top [gui_ekki_get_window_ids -type TopLevel] {     if { [llength [gui_ekki_get_window_ids -parent $__top]] == 0} {         gui_close_window -window $__top     } }
19:25:45    2069 --> ...                                                                              [tcl] gui_set_loading_session_type noSession
19:25:45    2070 --> ...                                                                                  [tcl] # DVE View/pane content session:
19:25:45    2071 --> ...                                                                                      [tcl] # Hier 'Hier.1'
19:25:45    2072 --> ...                                                                                          [tcl] gui_show_window -window ${Hier.1}
19:25:45    2073 --> ...                                                                                              [tcl] gui_list_set_filter -id ${Hier.1} -list { {Package 1} {All 0} {Process 1} {VirtPowSwitch 0} {UnnamedProcess 1} {UDP 0} {Function 1} {Block 1} {SrsnAndSpaCell 0} {OVA Unit 1} {LeafScCell 1} {LeafVlgCell 1} {Interface 1} {LeafVhdCell 1} {$unit 1} {NamedBlock 1} {Task 1} {VlgPackage 1} {ClassDef 1} {VirtIsoCell 0} }
19:25:45    2074 --> ...                                                                                                  [tcl] gui_list_set_filter -id ${Hier.1} -text {*}
19:25:45    2075 --> ...  [tcl] gui_change_design -id ${Hier.1} -design Sim
19:25:45    2076 --> ...      [tcl] catch {gui_list_expand -id ${Hier.1} TB}
19:25:45    2077 --> ...          [tcl] catch {gui_list_select -id ${Hier.1} {TB.core}}
19:25:45    2078 --> ...              [tcl] dveMisc::vbusExpand TB.core
19:25:45    2079 --> ...                  [tcl] gui_view_scroll -id ${Hier.1} -vertical -set 0
19:25:45    2080 --> ...                      [tcl] gui_view_scroll -id ${Hier.1} -horizontal -set 0
19:25:45    2081 --> ...                          [tcl] # Data 'Data.1'
19:25:45    2082 --> ...                              [tcl] gui_list_set_filter -id ${Data.1} -list { {Buffer 1} {Input 1} {Others 1} {Linkage 1} {Output 1} {LowPower 1} {Parameter 1} {All 1} {Aggregate 1} {LibBaseMember 1} {Event 1} {Assertion 1} {Constant 1} {Interface 1} {BaseMembers 1} {Signal 1} {$unit 1} {Inout 1} {Variable 1} }
19:25:45    2083 --> ...                                  [tcl] gui_list_set_filter -id ${Data.1} -text {*}
19:25:45    2084 --> ...                                      [tcl] gui_list_show_data -id ${Data.1} {TB.core}
19:25:45    2085 --> ...                                          [tcl] gui_show_window -window ${Data.1}
19:25:45    2086 --> ...                                              [tcl] catch { gui_list_select -id ${Data.1} {TB.core.branch_E TB.core.eq_0_E TB.core.sign_bit_E }}
19:25:45    2087 --> ...                                                  [tcl] gui_view_scroll -id ${Data.1} -vertical -set 192
19:25:45    2088 --> ...                                                      [tcl] gui_view_scroll -id ${Data.1} -horizontal -set 0
19:25:45    2089 --> ...                                                          [tcl] gui_view_scroll -id ${Hier.1} -vertical -set 0
19:25:45    2090 --> ...                                                              [tcl] gui_view_scroll -id ${Hier.1} -horizontal -set 0
19:25:45    2091 --> ...                                                                  [tcl] # Source 'Source.1'
19:25:45    2092 --> ...                                                                      [tcl] gui_src_value_annotate -id ${Source.1} -switch false
19:25:45    2093 --> ...                                                                          [tcl] gui_set_env TOGGLE::VALUEANNOTATE 0
19:25:45    2094 --> ...                                                                              [tcl] gui_open_source -id ${Source.1}  -replace -active _vcs_unit__1064167090 /afs/ece.cmu.edu/usr/cabernar/Private/capstone/virtualagc/sv/top.sv
19:25:45    2095 --> ...                                                                                  [tcl] gui_view_scroll -id ${Source.1} -vertical -set 0
19:25:45    2096 --> ...                                                                                      [tcl] gui_src_set_reusable -id ${Source.1}
19:25:45    2097 --> ...                                                                                          [tcl] # View 'Wave.1'
19:25:45    2098 --> ...                                                                                              [tcl] gui_wv_sync -id ${Wave.1} -switch false
19:25:45    2099 --> ...                                                                                                  [tcl] set groupExD [gui_get_pref_value -category Wave -key exclusiveSG]
19:25:45    2100 --> ...  [tcl] gui_set_pref_value -category Wave -key exclusiveSG -value {false}
19:25:45    2101 --> ...      [tcl] set origWaveHeight [gui_get_pref_value -category Wave -key waveRowHeight]
19:25:45    2102 --> ...          [tcl] gui_list_set_height -id Wave -height 25
19:25:45    2103 --> ...              [tcl] set origGroupCreationState [gui_list_create_group_when_add -wave]
19:25:45    2104 --> ...                  [tcl] gui_list_create_group_when_add -wave -disable
19:25:45    2105 --> ...                      [tcl] gui_wv_zoom_timerange -id ${Wave.1} 0 355
19:25:45    2106 --> ...                          [tcl] gui_list_add_group -id ${Wave.1} -after {New Group} {Group2}
19:25:45    2107 --> ...                              [tcl] synopsys::dump -add {TB.core.alu_out_E TB.core.alu_out_W TB.core.alu_src1_E TB.core.alu_src2_E TB.core.branch_E TB.core.clock TB.core.ctrl_D TB.core.ctrl_E TB.core.ctrl_W TB.core.eq_0_E TB.core.flush_DE TB.core.flush_E TB.core.flush_W TB.core.reset_n TB.core.sign_bit_E TB.core.stall } -aggregates  -fid VPD12
19:25:45    2108 --> ...                                  [tcl] gui_list_expand -id ${Wave.1} TB.core.ctrl_E
19:25:45    2109 --> ...                                      [tcl] gui_seek_criteria -id ${Wave.1} {Any Edge}
19:25:45    2110 --> ...                                          [tcl] gui_set_env TOGGLE::DEFAULT_WAVE_WINDOW ${Wave.1}
19:25:45    2111 --> ...                                              [tcl] gui_set_pref_value -category Wave -key exclusiveSG -value $groupExD
19:25:45    2112 --> ...                                                  [tcl] gui_list_set_height -id Wave -height $origWaveHeight
19:25:45    2113 --> ...                                                      [tcl] if {$origGroupCreationState} { 	gui_list_create_group_when_add -wave -enable }
19:25:45    2114 --> ...                                                          [tcl] if { $groupExD } {  gui_msg_report -code DVWW028 }
19:25:45    2115 --> ...                                                              [tcl] gui_list_set_filter -id ${Wave.1} -list { {Buffer 1} {Input 1} {Others 1} {Linkage 1} {Output 1} {Parameter 1} {All 1} {Aggregate 1} {LibBaseMember 1} {Event 1} {Assertion 1} {Constant 1} {Interface 1} {BaseMembers 1} {Signal 1} {$unit 1} {Inout 1} {Variable 1} }
19:25:45    2116 --> ...                                                                  [tcl] gui_list_set_filter -id ${Wave.1} -text {*}
19:25:45    2117 --> ...                                                                      [tcl] gui_list_set_insertion_bar  -id ${Wave.1} -group Group2  -position in
19:25:45    2118 --> ...                                                                          [tcl] gui_view_scroll -id ${Wave.1} -vertical -set 441
19:25:45    2119 --> ...                                                                              [tcl] gui_show_grid -id ${Wave.1} -enable false
19:25:45    2120 --> ...                                                                                  [tcl] # Restore toplevel window zorder
19:25:45    2121 --> ...                                                                                      [tcl] # The toplevel window could be closed if it has no view/pane
19:25:45    2122 --> ...                                                                                          [tcl] if {[gui_exist_window -window ${TopLevel.1}]} { 	gui_set_active_window -window ${TopLevel.1} 	gui_set_active_window -window ${Source.1} 	gui_set_active_window -window ${DLPane.1} }
19:25:45    2123 --> ...                                                                                              [tcl] if {[gui_exist_window -window ${TopLevel.2}]} { 	gui_set_active_window -window ${TopLevel.2} 	gui_set_active_window -window ${Wave.1} }
19:25:45    2124 --> ...                                                                                                  [tcl] #</Session>
19:25:46    2125 --> ...  [tcl] synopsys::run
19:25:46    2126 --> ...      [tcl] set ucliGUI::state
19:25:46    2127 --> ...          [tcl] set ucliGUI::state
19:25:46    2128 --> ...              [tcl] gui_update_simulator_buttons
19:25:46    2129 --> ...                  [tcl] set ucliGUI::state
19:25:46    2130 --> ...                      [tcl] set ucliGUI::state
19:25:46    2131 --> ...                          [tcl] catch {senv activeDomain} dveMisc::result 
19:25:46    2132 --> ...                              [tcl] set dveMisc::result
19:25:46    2133 --> ...                                  [tcl] gui_update_simulator_buttons
19:25:46    2134 --> ...                                      [tcl] dveMisc::vbusExpand _vcs_unit__1064167090
