# Preference setting overrides
gui_create_pref_key -category {Globals} -key {load_detail_for_funcov} -value_type {bool} -value {false}

# State setting overrides
gui_state_default_create -off -ini
gui_set_state_value -category Globals -key recent_sessions -value {{gui_load_session -ignore_errors -file /afs/ece.cmu.edu/usr/cabernar/Private/capstone/virtualagc/sv/DVEfiles//crash_03.30-10.55/dve_session03.30-10.55.tcl} {gui_load_session -ignore_errors -file /afs/ece.cmu.edu/usr/cabernar/Private/capstone/virtualagc/sv/DVEfiles//crash_03.30-10.53/dve_session03.30-10.53.tcl} {gui_load_session -ignore_errors -file /afs/ece.cmu.edu/usr/cabernar/Private/capstone/virtualagc/sv/DVEfiles//crash_03.30-10.52/dve_session03.30-10.52.tcl}}
gui_set_state_value -category Layout -key child_console_size_x -value 2288
gui_set_state_value -category Layout -key child_console_size_y -value 162
gui_set_state_value -category Layout -key child_data_size_x -value 185
gui_set_state_value -category Layout -key child_data_size_y -value 953
gui_set_state_value -category Layout -key child_driver_size_x -value 1216
gui_set_state_value -category Layout -key child_driver_size_y -value 179
gui_set_state_value -category Layout -key child_hier_col3 -value {-1}
gui_set_state_value -category Layout -key child_hier_colpd -value 0
gui_set_state_value -category Layout -key child_hier_size_x -value 176
gui_set_state_value -category Layout -key child_hier_size_y -value 953
gui_set_state_value -category Layout -key child_list_down -value 179
gui_set_state_value -category Layout -key child_list_right -value 444
gui_set_state_value -category Layout -key child_source_docknewline -value false
gui_set_state_value -category Layout -key child_source_pos_x -value {-2}
gui_set_state_value -category Layout -key child_source_pos_y -value {-15}
gui_set_state_value -category Layout -key child_source_size_x -value 1930
gui_set_state_value -category Layout -key child_source_size_y -value 948
gui_set_state_value -category Layout -key child_wave_colname -value 360
gui_set_state_value -category Layout -key child_wave_colvalue -value 379
gui_set_state_value -category Layout -key child_wave_left -value 743
gui_set_state_value -category Layout -key child_wave_right -value 1811
gui_set_state_value -category Layout -key main_pos_x -value 1
gui_set_state_value -category Layout -key main_pos_y -value 38
gui_set_state_value -category Layout -key main_size_x -value 2289
gui_set_state_value -category Layout -key main_size_y -value 1228
gui_set_state_value -category Layout -key stand_list_child_pos_x -value {-2}
gui_set_state_value -category Layout -key stand_list_child_pos_y -value {-15}
gui_set_state_value -category Layout -key stand_list_child_size_x -value 604
gui_set_state_value -category Layout -key stand_list_child_size_y -value 324
gui_set_state_value -category Layout -key stand_list_top_pos_y -value 31
gui_set_state_value -category Layout -key stand_list_top_size_x -value 1099
gui_set_state_value -category Layout -key stand_list_top_size_y -value 530
gui_set_state_value -category Layout -key stand_wave_child_docknewline -value false
gui_set_state_value -category Layout -key stand_wave_child_pos_x -value {-2}
gui_set_state_value -category Layout -key stand_wave_child_pos_y -value {-15}
gui_set_state_value -category Layout -key stand_wave_child_size_x -value 2564
gui_set_state_value -category Layout -key stand_wave_child_size_y -value 1256
gui_set_state_value -category Layout -key stand_wave_top_pos_x -value 28
gui_set_state_value -category Layout -key stand_wave_top_pos_y -value 66
gui_set_state_value -category Layout -key stand_wave_top_size_x -value 2587
gui_set_state_value -category Layout -key stand_wave_top_size_y -value 1402
gui_create_state_key -category FindDialog -key m_pMatchCase -value_type bool -value false
gui_create_state_key -category FindDialog -key m_pMatchWord -value_type bool -value false
gui_create_state_key -category FindDialog -key m_pUseCombo -value_type string -value {}
gui_create_state_key -category FindDialog -key m_pWrapAround -value_type bool -value true
gui_create_state_key -category Widget_History -key TopLevel.2|EkTopVbox|wndWorkspace|qt_workspacechild2|Wave.1|left|filterVBox|controlHBox|unnamed -value_type string -value *head
gui_create_state_key -category Widget_History -key {dlgSimSetup|m_setupTab|tab pages|SimTab|m_VPDCombo} -value_type string -value inter.vpd
gui_create_state_key -category Widget_History -key {dlgSimSetup|m_setupTab|tab pages|SimTab|m_argsCombo} -value_type string -value +SIMPLE
gui_create_state_key -category Widget_History -key {dlgSimSetup|m_setupTab|tab pages|SimTab|m_curDirCombo} -value_type string -value /afs/ece.cmu.edu/usr/cabernar/Private/18341/p5-usb-team-28-cabernar
gui_create_state_key -category Widget_History -key {dlgSimSetup|m_setupTab|tab pages|SimTab|m_exeCombo} -value_type string -value ./simv
gui_state_default_create -off

# Begin command logging
gui_sim_run Ucli -exe ./simv -args {-ucligui  } -dir .
gui_list_expand -id  Hier.1   TB
gui_list_expand -id  Hier.1   TB.core
gui_list_select -id Hier.1 -current_item_name TB.core -current_item_type Scope  -selected  { TB.core   }
gui_list_select -id Data.1 -selected  { TB.core.ctrl_D   }
gui_list_select -id Data.1 -selected  { TB.core.ctrl_D  TB.core.ctrl_E   }
gui_list_select -id Data.1 -selected  { TB.core.ctrl_D  TB.core.ctrl_E  TB.core.ctrl_F   }
gui_list_select -id Data.1 -selected  { TB.core.ctrl_D  TB.core.ctrl_E  TB.core.ctrl_F  TB.core.ctrl_W   }
gui_list_select -id Data.1 -selected  { TB.core.ctrl_D  TB.core.ctrl_E  TB.core.ctrl_F  TB.core.ctrl_W  TB.core.clock   }
gui_list_select -id Data.1 -selected  { TB.core.ctrl_D  TB.core.ctrl_E  TB.core.ctrl_F  TB.core.ctrl_W  TB.core.clock  TB.core.reset_n   }
gui_list_select -id Data.1 -selected  { TB.core.ctrl_D  TB.core.ctrl_E  TB.core.ctrl_F  TB.core.ctrl_W  TB.core.clock  TB.core.reset_n  {TB.core.alu_src2_E[14:0]}   }
gui_list_select -id Data.1 -selected  { TB.core.ctrl_D  TB.core.ctrl_E  TB.core.ctrl_F  TB.core.ctrl_W  TB.core.clock  TB.core.reset_n  {TB.core.alu_src2_E[14:0]}  {TB.core.alu_src1_E[29:0]}   }
gui_list_select -id Data.1 -selected  { TB.core.ctrl_D  TB.core.ctrl_E  TB.core.ctrl_F  TB.core.ctrl_W  TB.core.clock  TB.core.reset_n  {TB.core.alu_src2_E[14:0]}  {TB.core.alu_src1_E[29:0]}  {TB.core.rs1rs2_data_E[29:0]}   }
gui_list_select -id Data.1 -selected  { TB.core.ctrl_D  TB.core.ctrl_E  TB.core.ctrl_F  TB.core.ctrl_W  TB.core.clock  TB.core.reset_n  {TB.core.alu_src2_E[14:0]}  {TB.core.alu_src1_E[29:0]}  {TB.core.rs1rs2_data_E[29:0]}  {TB.core.rs1_data_E[14:0]}   }
gui_list_select -id Data.1 { {TB.core.rs2_data_E[14:0]}   }
gui_list_select -id Data.1 { {TB.core.alu_out_E[29:0]}   }
gui_open_window Wave
gui_list_add -id Wave.1 -from Data.1 { TB.core.clock TB.core.reset_n {TB.core.alu_out_E[29:0]} TB.core.ctrl_D TB.core.ctrl_E TB.core.ctrl_F TB.core.ctrl_W {TB.core.rs1_data_E[14:0]} {TB.core.rs2_data_E[14:0]} {TB.core.alu_src1_E[29:0]} {TB.core.rs1rs2_data_E[29:0]} {TB.core.alu_src2_E[14:0]} } -insertionbar
gui_wv_zoom_timerange -id  Wave.1 0 597
gui_sim_continue  
gui_list_select -id Hier.1 -current_item_name TB.core.rf -current_item_type Scope  -selected  { TB.core.rf   }
gui_list_select -id Data.1 -selected  { {TB.core.rf.reg_A[14:0]}   }
gui_list_select -id Data.1 -selected  { {TB.core.rf.reg_L[14:0]}   }
gui_list_select -id Data.1 -selected  { {TB.core.rf.reg_L[14:0]}  {TB.core.rf.reg_A[14:0]}   }
gui_list_select -id Data.1 -selected  { {TB.core.rf.reg_L[14:0]}  {TB.core.rf.reg_A[14:0]}  {TB.core.rf.reg_Q[14:0]}   }
gui_list_show_data -select -id  Data.1   {TB.core.rf.reg_A[14:0]}
gui_list_select -id Data.1 -selected  { {TB.core.rf.reg_A[14:0]}  {TB.core.rf.reg_L[14:0]}   }
gui_list_select -id Data.1 -selected  { {TB.core.rf.reg_A[14:0]}  {TB.core.rf.reg_L[14:0]}  {TB.core.rf.reg_Q[14:0]}   }
gui_list_select -id Data.1 -selected  { {TB.core.rf.reg_A[14:0]}  {TB.core.rf.reg_L[14:0]}  {TB.core.rf.reg_Q[14:0]}  {TB.core.rf.reg_BB[14:0]}   }
gui_list_select -id Data.1 -selected  { {TB.core.rf.reg_A[14:0]}  {TB.core.rf.reg_L[14:0]}  {TB.core.rf.reg_Q[14:0]}  {TB.core.rf.reg_BB[14:0]}  {TB.core.rf.reg_CYR[14:0]}   }
gui_list_select -id Data.1 -selected  { {TB.core.rf.reg_A[14:0]}  {TB.core.rf.reg_L[14:0]}  {TB.core.rf.reg_Q[14:0]}  {TB.core.rf.reg_BB[14:0]}  {TB.core.rf.reg_CYR[14:0]}  {TB.core.rf.reg_SR[14:0]}   }
gui_list_select -id Data.1 -selected  { {TB.core.rf.reg_A[14:0]}  {TB.core.rf.reg_L[14:0]}  {TB.core.rf.reg_Q[14:0]}  {TB.core.rf.reg_BB[14:0]}  {TB.core.rf.reg_CYR[14:0]}  {TB.core.rf.reg_SR[14:0]}  {TB.core.rf.reg_CYL[14:0]}   }
gui_list_select -id Data.1 -selected  { {TB.core.rf.reg_A[14:0]}  {TB.core.rf.reg_L[14:0]}  {TB.core.rf.reg_Q[14:0]}  {TB.core.rf.reg_BB[14:0]}  {TB.core.rf.reg_CYR[14:0]}  {TB.core.rf.reg_SR[14:0]}  {TB.core.rf.reg_CYL[14:0]}  {TB.core.rf.reg_SL[14:0]}   }
gui_list_select -id Data.1 -selected  { {TB.core.rf.reg_A[14:0]}  {TB.core.rf.reg_L[14:0]}  {TB.core.rf.reg_Q[14:0]}  {TB.core.rf.reg_BB[14:0]}  {TB.core.rf.reg_CYR[14:0]}  {TB.core.rf.reg_SR[14:0]}  {TB.core.rf.reg_CYL[14:0]}  {TB.core.rf.reg_SL[14:0]}  {TB.core.rf.reg_TIME1[14:0]}   }
gui_list_show_data -select -id  Data.1   {TB.core.rf.reg_A[14:0]}
gui_list_select -id Data.1 -selected  { {TB.core.rf.reg_A[14:0]}  {TB.core.rf.reg_Q[14:0]}   }
gui_list_select -id Data.1 -selected  { {TB.core.rf.reg_A[14:0]}  {TB.core.rf.reg_Q[14:0]}  {TB.core.rf.reg_L[14:0]}   }
gui_list_select -id Data.1 -selected  { {TB.core.rf.reg_A[14:0]}  {TB.core.rf.reg_Q[14:0]}  {TB.core.rf.reg_L[14:0]}  {TB.core.rf.reg_BB[14:0]}   }
gui_list_show_data -select -id  Data.1   {TB.core.rf.reg_A[14:0]}
gui_list_select -id Data.1 -selected  { {TB.core.rf.reg_A[14:0]}  {TB.core.rf.reg_BB[14:0]}   }
gui_list_select -id Data.1 -selected  { {TB.core.rf.reg_A[14:0]}  {TB.core.rf.reg_BB[14:0]}  {TB.core.rf.reg_L[14:0]}   }
gui_list_select -id Data.1 -selected  { {TB.core.rf.reg_A[14:0]}  {TB.core.rf.reg_BB[14:0]}  {TB.core.rf.reg_L[14:0]}  {TB.core.rf.reg_Q[14:0]}   }
gui_list_select -id Data.1 -selected  { {TB.core.rf.reg_A[14:0]}  {TB.core.rf.reg_BB[14:0]}  {TB.core.rf.reg_L[14:0]}  {TB.core.rf.reg_Q[14:0]}  {TB.core.rf.reg_CYR[14:0]}   }
gui_list_select -id Data.1 -selected  { {TB.core.rf.reg_A[14:0]}  {TB.core.rf.reg_BB[14:0]}  {TB.core.rf.reg_L[14:0]}  {TB.core.rf.reg_Q[14:0]}  {TB.core.rf.reg_CYR[14:0]}  {TB.core.rf.reg_SR[14:0]}   }
gui_list_select -id Data.1 -selected  { {TB.core.rf.reg_A[14:0]}  {TB.core.rf.reg_BB[14:0]}  {TB.core.rf.reg_L[14:0]}  {TB.core.rf.reg_Q[14:0]}  {TB.core.rf.reg_CYR[14:0]}  {TB.core.rf.reg_SR[14:0]}  {TB.core.rf.reg_CYL[14:0]}   }
gui_list_select -id Data.1 -selected  { {TB.core.rf.reg_A[14:0]}  {TB.core.rf.reg_BB[14:0]}  {TB.core.rf.reg_L[14:0]}  {TB.core.rf.reg_Q[14:0]}  {TB.core.rf.reg_CYR[14:0]}  {TB.core.rf.reg_SR[14:0]}  {TB.core.rf.reg_CYL[14:0]}  {TB.core.rf.reg_SL[14:0]}   }
gui_list_add -id Wave.1 -from Data.1 { {TB.core.rf.reg_A[14:0]} {TB.core.rf.reg_L[14:0]} {TB.core.rf.reg_Q[14:0]} {TB.core.rf.reg_BB[14:0]} {TB.core.rf.reg_CYR[14:0]} {TB.core.rf.reg_SR[14:0]} {TB.core.rf.reg_CYL[14:0]} {TB.core.rf.reg_SL[14:0]} } -insertionbar
gui_sim_restart
gui_sim_continue  
gui_wv_zoom_timerange -id  Wave.1 0 533
gui_wv_zoom_timerange -id  Wave.1 0 583
gui_marker_move -id  Wave.1 C1 245
gui_list_expand -id  Wave.1   TB.core.ctrl_E
gui_list_select -id Hier.1 -current_item_name TB.core.addr -current_item_type Scope  -selected  { TB.core.addr   }
gui_list_select -id Hier.1 -current_item_name TB.core.PC_Mux -current_item_type Scope  -selected  { TB.core.PC_Mux   }
gui_list_select -id Hier.1 -current_item_name TB.core.Index_mux -current_item_type Scope  -selected  { TB.core.Index_mux   }
gui_list_select -id Hier.1 -current_item_name TB.core.ALU1_Mux -current_item_type Scope  -selected  { TB.core.ALU1_Mux   }
gui_list_select -id Hier.1 -current_item_name TB.core.ALU -current_item_type Scope  -selected  { TB.core.ALU   }
gui_list_expand -id  Hier.1   TB.core.ALU
gui_list_select -id Hier.1 -current_item_name TB.core.ALU.alu_div -current_item_type Scope  -selected  { TB.core.ALU.alu_div   }
gui_list_select -id Data.1 { {TB.core.ALU.alu_div.quot[14:0]}  {TB.core.ALU.alu_div.remain[14:0]}  TB.core.ALU.alu_div.underflow_flag  {TB.core.ALU.alu_div.numer[29:0]}  {TB.core.ALU.alu_div.denom[14:0]}  {TB.core.ALU.alu_div.quot_twos_comp_pre[29:0]}  {TB.core.ALU.alu_div.numer_twos_comp[29:0]}  {TB.core.ALU.alu_div.quot_twos_comp[14:0]}  {TB.core.ALU.alu_div.remain_twos_comp[14:0]}  {TB.core.ALU.alu_div.denom_twos_comp[14:0]}  {TB.core.ALU.alu_div.underflow_flag_pre[1:0]}   }
gui_list_add -id Wave.1 -from Data.1 { {TB.core.ALU.alu_div.quot[14:0]} {TB.core.ALU.alu_div.remain[14:0]} TB.core.ALU.alu_div.underflow_flag {TB.core.ALU.alu_div.numer[29:0]} {TB.core.ALU.alu_div.denom[14:0]} {TB.core.ALU.alu_div.quot_twos_comp_pre[29:0]} {TB.core.ALU.alu_div.numer_twos_comp[29:0]} {TB.core.ALU.alu_div.quot_twos_comp[14:0]} {TB.core.ALU.alu_div.remain_twos_comp[14:0]} {TB.core.ALU.alu_div.denom_twos_comp[14:0]} {TB.core.ALU.alu_div.underflow_flag_pre[1:0]} } -insertionbar
gui_sim_restart
gui_sim_continue  
gui_marker_move -id  Wave.1 C1 245
gui_list_select -id Hier.1 -current_item_name TB.core.ALU.alu_mult -current_item_type Scope  -selected  { TB.core.ALU.alu_mult   }
gui_list_select -id Hier.1 -current_item_name TB.core.ALU -current_item_type Scope  -selected  { TB.core.ALU   }
gui_list_select -id Data.1 -selected  { {TB.core.ALU.result[29:0]}   }
gui_list_add -id Wave.1 -from Data.1 { {TB.core.ALU.result[29:0]} } -insertionbar
gui_sim_restart
gui_sim_continue  
gui_marker_move -id  Wave.1 C1 245
gui_list_select -id Data.1 -selected  {  }
gui_list_select -id Wave.1 -selected  { {TB.core.ALU.alu_div.quot_twos_comp_pre[29:0]}   }
gui_list_select -id Wave.1 -selected  { {TB.core.ALU.alu_div.numer_twos_comp[29:0]}   }
gui_list_select -id Wave.1 -selected  { {TB.core.ALU.alu_div.quot_twos_comp_pre[29:0]}   }
