Chronologic VCS simulator copyright 1991-2015
Contains Synopsys proprietary information.
Compiler version K-2015.09_Full64; Runtime version K-2015.09_Full64;  Apr  4 14:59 2022
VCD+ Writer K-2015.09_Full64 Copyright (c) 1991-2015 by Synopsys Inc.
The file '/afs/ece.cmu.edu/usr/cabernar/Private/capstone/virtualagc/sv/inter.vpd' was opened successfully.
RT Warning: No condition matches in 'unique case' statement.
        "decode.sv", line 246, for TB.core.Decoder, at time     0.
RT Warning: No condition matches in 'unique case' statement.
        "lib.sv", line 184, for countFSM, at time     0.
RT Warning: No condition matches in 'unique case' statement.
        "lib.sv", line 540, for TB.core.addr.translate_pc, at time     0.
RT Warning: No condition matches in 'unique case' statement.
        "lib.sv", line 575, for TB.core.addr.translate_r.translate_read_RAM, at time     0.
RT Warning: No condition matches in 'unique case' statement.
        "lib.sv", line 540, for TB.core.addr.translate_r.translate_read_ROM, at time     0.
RT Warning: No condition matches in 'unique case' statement.
        "lib.sv", line 575, for TB.core.addr.translate_w.translate_write_RAM, at time     0.
RT Warning: No condition matches in 'unique case' statement.
        "decode.sv", line 246, for TB.core.Decoder, at time     0.
RT Warning: No condition matches in 'unique case' statement.
        "lib.sv", line 689, for TB.core.ALU, at time     0.
RT Warning: No condition matches in 'unique case' statement.
        "decode.sv", line 246, for TB.core.Decoder, at time     1.
RT Warning: No condition matches in 'unique case' statement.
        "decode.sv", line 246, for TB.core.Decoder, at time     1.
A = 00000
L = 00000
Q = 00000
BB = 00xxx
CYR = 00000
SR = 00000
SL = 00000
TIME1 = 00000
TIME2 = 00000
A = 00000
L = 00000
Q = 00000
BB = 00xxx
CYR = 00000
SR = 00000
SL = 00000
TIME1 = 00000
TIME2 = 00000
A = 00000
L = 00000
Q = 00000
BB = 00xxx
CYR = 00000
SR = 00000
SL = 00000
TIME1 = 00000
TIME2 = 00000
A = 00000
L = 00000
Q = 00000
BB = 00xxx
CYR = 00000
SR = 00000
SL = 00000
TIME1 = 00000
TIME2 = 00000
A = 00000
L = 00000
Q = 00000
BB = 00xxx
CYR = 00000
SR = 00000
SL = 00000
TIME1 = 00000
TIME2 = 00000
A = 00000
L = 00000
Q = 00000
BB = 00xxx
CYR = 00000
SR = 00000
SL = 00000
TIME1 = 00000
TIME2 = 00000
A = 00000
L = 00000
Q = 00000
BB = 00xxx
CYR = 00000
SR = 00000
SL = 00000
TIME1 = 00000
TIME2 = 00000
A = 00000
L = 00000
Q = 00000
BB = 00xxx
CYR = 00000
SR = 00000
SL = 00000
TIME1 = 00000
TIME2 = 00000
A = 00002
L = 00000
Q = 00000
BB = 00xxx
CYR = 00000
SR = 00000
SL = 00000
TIME1 = 00000
TIME2 = 00000
A = 00002
L = 00000
Q = 00000
BB = 00xxx
CYR = 00000
SR = 00000
SL = 00000
TIME1 = 00000
TIME2 = 00000
A = 00002
L = 00000
Q = 00000
BB = 00xxx
CYR = 00000
SR = 00000
SL = 00000
TIME1 = 00000
TIME2 = 00000
A = 00002
L = 00000
Q = 00000
BB = 00xxx
CYR = 00000
SR = 00000
SL = 00000
TIME1 = 00000
TIME2 = 00000
A = 00002
L = 00000
Q = 00000
BB = 00xxx
CYR = 00000
SR = 00000
SL = 00000
TIME1 = 00000
TIME2 = 00000
A = 00002
L = 00000
Q = 00000
BB = 00xxx
CYR = 00000
SR = 00000
SL = 00000
TIME1 = 00000
TIME2 = 00000
A = 00002
L = 00000
Q = 00000
BB = 00xxx
CYR = 00000
SR = 00000
SL = 00000
TIME1 = 00000
TIME2 = 00000
A = 00002
L = 00000
Q = 00000
BB = 00xxx
CYR = 00000
SR = 00000
SL = 00000
TIME1 = 00000
TIME2 = 00000
A = 00002
L = 00000
Q = 00000
BB = 00xxx
CYR = 00000
SR = 00000
SL = 00000
TIME1 = 00000
TIME2 = 00000
A = 00006
L = 00000
Q = 00000
BB = 00xxx
CYR = 00000
SR = 00000
SL = 00000
TIME1 = 00000
TIME2 = 00000
A = 00006
L = 00000
Q = 00000
BB = 00xxx
CYR = 00000
SR = 00000
SL = 00000
TIME1 = 00000
TIME2 = 00000
A = 00007
L = 00000
Q = 00000
BB = 00xxx
CYR = 00000
SR = 00000
SL = 00000
TIME1 = 00000
TIME2 = 00000
A = 00007
L = 00000
Q = 00000
BB = 00xxx
CYR = 00000
SR = 00000
SL = 00000
TIME1 = 00000
TIME2 = 00000
$finish called from file "top.sv", line 71.
$finish at simulation time                  205
Simulation complete, time is 205 ps.
Chronologic VCS simulator copyright 1991-2015
Contains Synopsys proprietary information.
Compiler version K-2015.09_Full64; Runtime version K-2015.09_Full64;  Apr  4 15:06 2022
VCD+ Writer K-2015.09_Full64 Copyright (c) 1991-2015 by Synopsys Inc.
The file '/afs/ece.cmu.edu/usr/cabernar/Private/capstone/virtualagc/sv/inter.vpd' was opened successfully.
RT Warning: No condition matches in 'unique case' statement.
        "decode.sv", line 246, for TB.core.Decoder, at time     0.
RT Warning: No condition matches in 'unique case' statement.
        "lib.sv", line 184, for countFSM, at time     0.
RT Warning: No condition matches in 'unique case' statement.
        "lib.sv", line 540, for TB.core.addr.translate_pc, at time     0.
RT Warning: No condition matches in 'unique case' statement.
        "lib.sv", line 575, for TB.core.addr.translate_r.translate_read_RAM, at time     0.
RT Warning: No condition matches in 'unique case' statement.
        "lib.sv", line 540, for TB.core.addr.translate_r.translate_read_ROM, at time     0.
RT Warning: No condition matches in 'unique case' statement.
        "lib.sv", line 575, for TB.core.addr.translate_w.translate_write_RAM, at time     0.
RT Warning: No condition matches in 'unique case' statement.
        "decode.sv", line 246, for TB.core.Decoder, at time     0.
RT Warning: No condition matches in 'unique case' statement.
        "lib.sv", line 689, for TB.core.ALU, at time     0.
RT Warning: No condition matches in 'unique case' statement.
        "decode.sv", line 246, for TB.core.Decoder, at time     1.
RT Warning: No condition matches in 'unique case' statement.
        "decode.sv", line 246, for TB.core.Decoder, at time     1.
A = 00000
L = 00000
Q = 00000
BB = 00xxx
CYR = 00000
SR = 00000
SL = 00000
TIME1 = 00000
TIME2 = 00000
A = 00000
L = 00000
Q = 00000
BB = 00xxx
CYR = 00000
SR = 00000
SL = 00000
TIME1 = 00000
TIME2 = 00000
A = 00000
L = 00000
Q = 00000
BB = 00xxx
CYR = 00000
SR = 00000
SL = 00000
TIME1 = 00000
TIME2 = 00000
A = 00000
L = 00000
Q = 00000
BB = 00xxx
CYR = 00000
SR = 00000
SL = 00000
TIME1 = 00000
TIME2 = 00000
A = 00000
L = 00000
Q = 00000
BB = 00xxx
CYR = 00000
SR = 00000
SL = 00000
TIME1 = 00000
TIME2 = 00000
A = 00000
L = 00000
Q = 00000
BB = 00xxx
CYR = 00000
SR = 00000
SL = 00000
TIME1 = 00000
TIME2 = 00000
A = 00000
L = 00000
Q = 00000
BB = 00xxx
CYR = 00000
SR = 00000
SL = 00000
TIME1 = 00000
TIME2 = 00000
A = 00000
L = 00000
Q = 00000
BB = 00xxx
CYR = 00000
SR = 00000
SL = 00000
TIME1 = 00000
TIME2 = 00000
A = 00002
L = 00000
Q = 00000
BB = 00xxx
CYR = 00000
SR = 00000
SL = 00000
TIME1 = 00000
TIME2 = 00000
A = 00002
L = 00000
Q = 00000
BB = 00xxx
CYR = 00000
SR = 00000
SL = 00000
TIME1 = 00000
TIME2 = 00000
A = 00002
L = 00000
Q = 00000
BB = 00xxx
CYR = 00000
SR = 00000
SL = 00000
TIME1 = 00000
TIME2 = 00000
A = 00002
L = 00000
Q = 00000
BB = 00xxx
CYR = 00000
SR = 00000
SL = 00000
TIME1 = 00000
TIME2 = 00000
A = 00002
L = 00000
Q = 00000
BB = 00xxx
CYR = 00000
SR = 00000
SL = 00000
TIME1 = 00000
TIME2 = 00000
A = 00002
L = 00000
Q = 00000
BB = 00xxx
CYR = 00000
SR = 00000
SL = 00000
TIME1 = 00000
TIME2 = 00000
A = 00002
L = 00000
Q = 00000
BB = 00xxx
CYR = 00000
SR = 00000
SL = 00000
TIME1 = 00000
TIME2 = 00000
A = 00002
L = 00000
Q = 00000
BB = 00xxx
CYR = 00000
SR = 00000
SL = 00000
TIME1 = 00000
TIME2 = 00000
A = 00002
L = 00000
Q = 00000
BB = 00xxx
CYR = 00000
SR = 00000
SL = 00000
TIME1 = 00000
TIME2 = 00000
A = 00006
L = 00000
Q = 00000
BB = 00xxx
CYR = 00000
SR = 00000
SL = 00000
TIME1 = 00000
TIME2 = 00000
A = 00006
L = 00000
Q = 00000
BB = 00xxx
CYR = 00000
SR = 00000
SL = 00000
TIME1 = 00000
TIME2 = 00000
A = 00007
L = 00000
Q = 00000
BB = 00xxx
CYR = 00000
SR = 00000
SL = 00000
TIME1 = 00000
TIME2 = 00000
A = 00007
L = 00000
Q = 00000
BB = 00xxx
CYR = 00000
SR = 00000
SL = 00000
TIME1 = 00000
TIME2 = 00000
$finish called from file "top.sv", line 71.
$finish at simulation time                  205
Simulation complete, time is 205 ps.
Chronologic VCS simulator copyright 1991-2015
Contains Synopsys proprietary information.
Compiler version K-2015.09_Full64; Runtime version K-2015.09_Full64;  Apr  4 15:14 2022
VCD+ Writer K-2015.09_Full64 Copyright (c) 1991-2015 by Synopsys Inc.
The file '/afs/ece.cmu.edu/usr/cabernar/Private/capstone/virtualagc/sv/inter.vpd' was opened successfully.
RT Warning: No condition matches in 'unique case' statement.
        "decode.sv", line 246, for TB.core.Decoder, at time     0.
RT Warning: No condition matches in 'unique case' statement.
        "lib.sv", line 184, for countFSM, at time     0.
RT Warning: No condition matches in 'unique case' statement.
        "lib.sv", line 540, for TB.core.addr.translate_pc, at time     0.
RT Warning: No condition matches in 'unique case' statement.
        "lib.sv", line 575, for TB.core.addr.translate_r.translate_read_RAM, at time     0.
RT Warning: No condition matches in 'unique case' statement.
        "lib.sv", line 540, for TB.core.addr.translate_r.translate_read_ROM, at time     0.
RT Warning: No condition matches in 'unique case' statement.
        "lib.sv", line 575, for TB.core.addr.translate_w.translate_write_RAM, at time     0.
RT Warning: No condition matches in 'unique case' statement.
        "decode.sv", line 246, for TB.core.Decoder, at time     0.
RT Warning: No condition matches in 'unique case' statement.
        "lib.sv", line 689, for TB.core.ALU, at time     0.
RT Warning: No condition matches in 'unique case' statement.
        "decode.sv", line 246, for TB.core.Decoder, at time     1.
RT Warning: No condition matches in 'unique case' statement.
        "decode.sv", line 246, for TB.core.Decoder, at time     1.
A = 00000
L = 00000
Q = 00000
BB = 00xxx
CYR = 00000
SR = 00000
SL = 00000
TIME1 = 00000
TIME2 = 00000
A = 00000
L = 00000
Q = 00000
BB = 00xxx
CYR = 00000
SR = 00000
SL = 00000
TIME1 = 00000
TIME2 = 00000
A = 00000
L = 00000
Q = 00000
BB = 00xxx
CYR = 00000
SR = 00000
SL = 00000
TIME1 = 00000
TIME2 = 00000
A = 00000
L = 00000
Q = 00000
BB = 00xxx
CYR = 00000
SR = 00000
SL = 00000
TIME1 = 00000
TIME2 = 00000
A = 00000
L = 00000
Q = 00000
BB = 00xxx
CYR = 00000
SR = 00000
SL = 00000
TIME1 = 00000
TIME2 = 00000
A = 00000
L = 00000
Q = 00000
BB = 00xxx
CYR = 00000
SR = 00000
SL = 00000
TIME1 = 00000
TIME2 = 00000
A = 00000
L = 00000
Q = 00000
BB = 00xxx
CYR = 00000
SR = 00000
SL = 00000
TIME1 = 00000
TIME2 = 00000
A = 00000
L = 00000
Q = 00000
BB = 00xxx
CYR = 00000
SR = 00000
SL = 00000
TIME1 = 00000
TIME2 = 00000
A = 00002
L = 00000
Q = 00000
BB = 00xxx
CYR = 00000
SR = 00000
SL = 00000
TIME1 = 00000
TIME2 = 00000
A = 00002
L = 00000
Q = 00000
BB = 00xxx
CYR = 00000
SR = 00000
SL = 00000
TIME1 = 00000
TIME2 = 00000
A = 00002
L = 00000
Q = 00000
BB = 00xxx
CYR = 00000
SR = 00000
SL = 00000
TIME1 = 00000
TIME2 = 00000
A = 00002
L = 00000
Q = 00000
BB = 00xxx
CYR = 00000
SR = 00000
SL = 00000
TIME1 = 00000
TIME2 = 00000
A = 00002
L = 00000
Q = 00000
BB = 00xxx
CYR = 00000
SR = 00000
SL = 00000
TIME1 = 00000
TIME2 = 00000
A = 00002
L = 00000
Q = 00000
BB = 00xxx
CYR = 00000
SR = 00000
SL = 00000
TIME1 = 00000
TIME2 = 00000
A = 00002
L = 00000
Q = 00000
BB = 00xxx
CYR = 00000
SR = 00000
SL = 00000
TIME1 = 00000
TIME2 = 00000
A = 00002
L = 00000
Q = 00000
BB = 00xxx
CYR = 00000
SR = 00000
SL = 00000
TIME1 = 00000
TIME2 = 00000
A = 00002
L = 00000
Q = 00000
BB = 00xxx
CYR = 00000
SR = 00000
SL = 00000
TIME1 = 00000
TIME2 = 00000
A = 00006
L = 00000
Q = 00000
BB = 00xxx
CYR = 00000
SR = 00000
SL = 00000
TIME1 = 00000
TIME2 = 00000
A = 00006
L = 00000
Q = 00000
BB = 00xxx
CYR = 00000
SR = 00000
SL = 00000
TIME1 = 00000
TIME2 = 00000
A = 00007
L = 00000
Q = 00000
BB = 00xxx
CYR = 00000
SR = 00000
SL = 00000
TIME1 = 00000
TIME2 = 00000
A = 00007
L = 00000
Q = 00000
BB = 00xxx
CYR = 00000
SR = 00000
SL = 00000
TIME1 = 00000
TIME2 = 00000
$finish called from file "top.sv", line 71.
$finish at simulation time                  205
Simulation complete, time is 205 ps.
Note-[RT_BS] Larger stack needed
  Note: Bumping stack limit from 8192 to 8193 Kbytes.
Chronologic VCS simulator copyright 1991-2015
Contains Synopsys proprietary information.
Compiler version K-2015.09_Full64; Runtime version K-2015.09_Full64;  Apr  4 15:31 2022
VCD+ Writer K-2015.09_Full64 Copyright (c) 1991-2015 by Synopsys Inc.
The file '/afs/ece.cmu.edu/usr/cabernar/Private/capstone/virtualagc/sv/inter.vpd' was opened successfully.
RT Warning: No condition matches in 'unique case' statement.
        "decode.sv", line 246, for TB.core.Decoder, at time     0.
RT Warning: No condition matches in 'unique case' statement.
        "lib.sv", line 184, for countFSM, at time     0.
RT Warning: No condition matches in 'unique case' statement.
        "lib.sv", line 540, for TB.core.addr.translate_pc, at time     0.
RT Warning: No condition matches in 'unique case' statement.
        "lib.sv", line 575, for TB.core.addr.translate_r.translate_read_RAM, at time     0.
RT Warning: No condition matches in 'unique case' statement.
        "lib.sv", line 540, for TB.core.addr.translate_r.translate_read_ROM, at time     0.
RT Warning: No condition matches in 'unique case' statement.
        "lib.sv", line 575, for TB.core.addr.translate_w.translate_write_RAM, at time     0.
RT Warning: No condition matches in 'unique case' statement.
        "decode.sv", line 246, for TB.core.Decoder, at time     0.
RT Warning: No condition matches in 'unique case' statement.
        "lib.sv", line 689, for TB.core.ALU, at time     0.
RT Warning: No condition matches in 'unique case' statement.
        "decode.sv", line 246, for TB.core.Decoder, at time     1.
RT Warning: No condition matches in 'unique case' statement.
        "decode.sv", line 246, for TB.core.Decoder, at time     1.
A = 00000
L = 00000
Q = 00000
BB = 00xxx
CYR = 00000
SR = 00000
SL = 00000
TIME1 = 00000
TIME2 = 00000
A = 00000
L = 00000
Q = 00000
BB = 00xxx
CYR = 00000
SR = 00000
SL = 00000
TIME1 = 00000
TIME2 = 00000
A = 00000
L = 00000
Q = 00000
BB = 00xxx
CYR = 00000
SR = 00000
SL = 00000
TIME1 = 00000
TIME2 = 00000
A = 00000
L = 00000
Q = 00000
BB = 00xxx
CYR = 00000
SR = 00000
SL = 00000
TIME1 = 00000
TIME2 = 00000
A = 00000
L = 00000
Q = 00000
BB = 00xxx
CYR = 00000
SR = 00000
SL = 00000
TIME1 = 00000
TIME2 = 00000
A = 00000
L = 00000
Q = 00000
BB = 00xxx
CYR = 00000
SR = 00000
SL = 00000
TIME1 = 00000
TIME2 = 00000
A = 00000
L = 00000
Q = 00000
BB = 00xxx
CYR = 00000
SR = 00000
SL = 00000
TIME1 = 00000
TIME2 = 00000
A = 00000
L = 00000
Q = 00000
BB = 00xxx
CYR = 00000
SR = 00000
SL = 00000
TIME1 = 00000
TIME2 = 00000
A = 00002
L = 00000
Q = 00000
BB = 00xxx
CYR = 00000
SR = 00000
SL = 00000
TIME1 = 00000
TIME2 = 00000
A = 00002
L = 00000
Q = 00000
BB = 00xxx
CYR = 00000
SR = 00000
SL = 00000
TIME1 = 00000
TIME2 = 00000
A = 00002
L = 00000
Q = 00000
BB = 00xxx
CYR = 00000
SR = 00000
SL = 00000
TIME1 = 00000
TIME2 = 00000
A = 00002
L = 00000
Q = 00000
BB = 00xxx
CYR = 00000
SR = 00000
SL = 00000
TIME1 = 00000
TIME2 = 00000
A = 00002
L = 00000
Q = 00000
BB = 00xxx
CYR = 00000
SR = 00000
SL = 00000
TIME1 = 00000
TIME2 = 00000
A = 00002
L = 00000
Q = 00000
BB = 00xxx
CYR = 00000
SR = 00000
SL = 00000
TIME1 = 00000
TIME2 = 00000
A = 00002
L = 00000
Q = 00000
BB = 00xxx
CYR = 00000
SR = 00000
SL = 00000
TIME1 = 00000
TIME2 = 00000
A = 00002
L = 00000
Q = 00000
BB = 00xxx
CYR = 00000
SR = 00000
SL = 00000
TIME1 = 00000
TIME2 = 00000
A = 00002
L = 00000
Q = 00000
BB = 00xxx
CYR = 00000
SR = 00000
SL = 00000
TIME1 = 00000
TIME2 = 00000
A = 00003
L = 00000
Q = 00000
BB = 00xxx
CYR = 00000
SR = 00000
SL = 00000
TIME1 = 00000
TIME2 = 00000
A = 00003
L = 00000
Q = 00000
BB = 00xxx
CYR = 00000
SR = 00000
SL = 00000
TIME1 = 00000
TIME2 = 00000
$finish called from file "top.sv", line 71.
$finish at simulation time                  185
Simulation complete, time is 185 ps.
